Error 404:

type Status report

message: 

description: The requested resource is not available.

Description: The servlet that is responsible to process the request, is not available.
ClassNotFoundException: com.blackhat.servlet.DatServlet

Request1:
Our Servlet class(DateServlet) object hashcode: 846786152
Request object hashcode: 1845396547
Response object hashcode: 1662932140
Current Thread object hashcode: 1662932140

Request2: 
Our Servlet class(DateServlet) object hashcode: 846786152
Request object hashcode: 1845396547
Response object hashcode: 1662932140
Current Thread object hashcode: 1662932140

Reuquest3:
Our Servlet class(DateServlet) object hashcode: 846786152
Request object hashcode: 1506574543
Response object hashcode: 1460368774
Current Thread object hashcode: 1460368774

Request4:
Our Servlet class(DateServlet) object hashcode: 846786152
Request object hashcode: 379910376
Response object hashcode: 312180452
Current Thread object hashcode: 312180452

Request5:
Our Servlet class(DateServlet) object hashcode: 846786152
Request object hashcode: 687401901
Response object hashcode: 1845129430
Current Thread object hashcode: 1845129430
